\BOOKMARK [1][-]{section.1}{\376\377\000P\000r\000\351\000s\000e\000n\000t\000a\000t\000i\000o\000n\000\040\000d\000e\000\040\000l\000'\000e\000n\000t\000r\000e\000p\000r\000i\000s\000e}{}% 1
\BOOKMARK [2][-]{subsection.1.1}{\376\377\000I\000d\000e\000n\000t\000i\000t\000\351\000\040\000d\000e\000\040\000B\000r\000i\000c\000o\000r\000a\000m\000a\000\040\000F\000r\000a\000n\000c\000e}{section.1}% 2
\BOOKMARK [2][-]{subsection.1.2}{\376\377\000M\000a\000r\000c\000h\000\351\000\040\000e\000t\000\040\000p\000e\000r\000s\000p\000e\000c\000t\000i\000v\000e\000s}{section.1}% 3
\BOOKMARK [3][-]{subsubsection.1.2.1}{\376\377\000O\000p\000p\000o\000r\000t\000u\000n\000i\000t\000\351\000s}{subsection.1.2}% 4
\BOOKMARK [3][-]{subsubsection.1.2.2}{\376\377\000D\000\351\000f\000i\000s}{subsection.1.2}% 5
\BOOKMARK [1][-]{section.2}{\376\377\000A\000n\000a\000l\000y\000s\000e\000\040\000f\000i\000n\000a\000n\000c\000i\000\350\000r\000e\000\040\000h\000i\000s\000t\000o\000r\000i\000q\000u\000e\000\040\000\050\0002\0000\0002\0002\000-\0002\0000\0002\0004\000\051}{}% 6
\BOOKMARK [2][-]{subsection.2.1}{\376\377\000R\000a\000t\000i\000o\000s\000\040\000d\000e\000\040\000l\000i\000q\000u\000i\000d\000i\000t\000\351\000\040\000e\000t\000\040\000d\000e\000\040\000v\000u\000l\000n\000\351\000r\000a\000b\000i\000l\000i\000t\000\351\000\040\000f\000i\000n\000a\000n\000c\000i\000\350\000r\000e}{section.2}% 7
\BOOKMARK [2][-]{subsection.2.2}{\376\377\000I\000n\000t\000e\000r\000p\000r\000\351\000t\000a\000t\000i\000o\000n\000\040\000p\000o\000u\000r\000\040\000l\000e\000\040\000s\000e\000c\000t\000e\000u\000r\000\040\000d\000u\000\040\000b\000r\000i\000c\000o\000l\000a\000g\000e}{section.2}% 8
\BOOKMARK [1][-]{section.3}{\376\377\000H\000y\000p\000o\000t\000h\000\350\000s\000e\000s\000\040\000d\000e\000\040\000v\000a\000l\000o\000r\000i\000s\000a\000t\000i\000o\000n}{}% 9
\BOOKMARK [2][-]{subsection.3.1}{\376\377\000D\000o\000n\000n\000\351\000e\000s\000\040\000d\000e\000\040\000l\000'\000a\000n\000n\000\351\000e\000\040\000d\000e\000\040\000b\000a\000s\000e\000\040\000\050\0002\0000\0002\0004\000\051}{section.3}% 10
\BOOKMARK [2][-]{subsection.3.2}{\376\377\000H\000y\000p\000o\000t\000h\000\350\000s\000e\000s\000\040\000d\000e\000\040\000c\000r\000o\000i\000s\000s\000a\000n\000c\000e\000\040\000e\000t\000\040\000t\000a\000u\000x}{section.3}% 11
\BOOKMARK [2][-]{subsection.3.3}{\376\377\000R\000a\000t\000i\000o\000s\000\040\000s\000t\000r\000u\000c\000t\000u\000r\000e\000l\000s\000\040\000c\000a\000l\000c\000u\000l\000\351\000s}{section.3}% 12
\BOOKMARK [1][-]{section.4}{\376\377\000V\000a\000l\000o\000r\000i\000s\000a\000t\000i\000o\000n\000\040\000p\000a\000r\000\040\000l\000a\000\040\000m\000\351\000t\000h\000o\000d\000e\000\040\000D\000C\000F}{}% 13
\BOOKMARK [2][-]{subsection.4.1}{\376\377\000M\000\351\000t\000h\000o\000d\000o\000l\000o\000g\000i\000e}{section.4}% 14
\BOOKMARK [2][-]{subsection.4.2}{\376\377\000C\000a\000l\000c\000u\000l\000\040\000d\000u\000\040\000F\000l\000u\000x\000\040\000d\000e\000\040\000T\000r\000\351\000s\000o\000r\000e\000r\000i\000e\000\040\000D\000i\000s\000p\000o\000n\000i\000b\000l\000e\000\040\000\050\000F\000C\000F\000\051}{section.4}% 15
\BOOKMARK [2][-]{subsection.4.3}{\376\377\000P\000r\000o\000j\000e\000c\000t\000i\000o\000n\000\040\000d\000e\000s\000\040\000f\000l\000u\000x\000\040\000s\000u\000r\000\040\0005\000\040\000a\000n\000s}{section.4}% 16
\BOOKMARK [2][-]{subsection.4.4}{\376\377\000A\000c\000t\000u\000a\000l\000i\000s\000a\000t\000i\000o\000n\000\040\000e\000t\000\040\000V\000a\000l\000e\000u\000r\000\040\000d\000'\000E\000n\000t\000r\000e\000p\000r\000i\000s\000e}{section.4}% 17
\BOOKMARK [3][-]{subsubsection.4.4.1}{\376\377\000F\000a\000c\000t\000e\000u\000r\000s\000\040\000d\000'\000a\000c\000t\000u\000a\000l\000i\000s\000a\000t\000i\000o\000n}{subsection.4.4}% 18
\BOOKMARK [3][-]{subsubsection.4.4.2}{\376\377\000V\000a\000l\000e\000u\000r\000\040\000T\000e\000r\000m\000i\000n\000a\000l\000e}{subsection.4.4}% 19
\BOOKMARK [3][-]{subsubsection.4.4.3}{\376\377\000S\000y\000n\000t\000h\000\350\000s\000e\000\040\000d\000e\000\040\000l\000a\000\040\000v\000a\000l\000o\000r\000i\000s\000a\000t\000i\000o\000n}{subsection.4.4}% 20
\BOOKMARK [1][-]{section.5}{\376\377\000S\000t\000r\000u\000c\000t\000u\000r\000e\000\040\000d\000e\000\040\000f\000i\000n\000a\000n\000c\000e\000m\000e\000n\000t\000\040\000d\000e\000\040\000l\000'\000a\000c\000q\000u\000i\000s\000i\000t\000i\000o\000n}{}% 21
\BOOKMARK [2][-]{subsection.5.1}{\376\377\000C\000a\000p\000a\000c\000i\000t\000\351\000\040\000d\000'\000e\000n\000d\000e\000t\000t\000e\000m\000e\000n\000t}{section.5}% 22
\BOOKMARK [2][-]{subsection.5.2}{\376\377\000A\000p\000p\000o\000r\000t\000\040\000e\000n\000\040\000c\000a\000p\000i\000t\000a\000l\000\040\000m\000i\000n\000i\000m\000u\000m}{section.5}% 23
\BOOKMARK [2][-]{subsection.5.3}{\376\377\000C\000a\000s\000\040\0001\000\040\000:\000\040\000E\000n\000d\000e\000t\000t\000e\000m\000e\000n\000t\000\040\000u\000n\000i\000q\000u\000e\000m\000e\000n\000t\000\040\000s\000u\000r\000\040\000l\000a\000\040\000H\000o\000l\000d\000i\000n\000g}{section.5}% 24
\BOOKMARK [2][-]{subsection.5.4}{\376\377\000C\000a\000s\000\040\0002\000\040\000:\000\040\000E\000n\000d\000e\000t\000t\000e\000m\000e\000n\000t\000\040\000c\000o\000n\000s\000o\000l\000i\000d\000\351\000\040\000a\000v\000e\000c\000\040\000l\000a\000\040\000c\000i\000b\000l\000e}{section.5}% 25
\BOOKMARK [1][-]{section.6}{\376\377\000B\000u\000d\000g\000e\000t\000\040\000d\000e\000\040\000t\000r\000\351\000s\000o\000r\000e\000r\000i\000e\000\040\000d\000e\000\040\000l\000a\000\040\000H\000o\000l\000d\000i\000n\000g}{}% 26
\BOOKMARK [2][-]{subsection.6.1}{\376\377\000P\000a\000r\000a\000m\000\350\000t\000r\000e\000s\000\040\000d\000e\000\040\000l\000a\000\040\000d\000e\000t\000t\000e}{section.6}% 27
\BOOKMARK [2][-]{subsection.6.2}{\376\377\000T\000a\000b\000l\000e\000a\000u\000\040\000d\000e\000\040\000t\000r\000\351\000s\000o\000r\000e\000r\000i\000e\000\040\000p\000r\000\351\000v\000i\000s\000i\000o\000n\000n\000e\000l}{section.6}% 28
\BOOKMARK [1][-]{section.7}{\376\377\000A\000n\000n\000e\000x\000e\000s\000\040\000:\000\040\000R\000e\000l\000a\000t\000i\000o\000n\000\040\000F\000i\000n\000a\000n\000c\000e\000\040\000e\000t\000\040\000I\000n\000g\000\351\000n\000i\000e\000r\000i\000e}{}% 29
\BOOKMARK [2][-]{subsection.7.1}{\376\377\000V\000a\000l\000o\000r\000i\000s\000e\000r\000\040\000l\000e\000s\000\040\000c\000o\000m\000p\000\351\000t\000e\000n\000c\000e\000s\000\040\000d\000'\000i\000n\000g\000\351\000n\000i\000e\000u\000r\000\040\000v\000i\000a\000\040\000l\000a\000\040\000f\000i\000n\000a\000n\000c\000e}{section.7}% 30
\BOOKMARK [2][-]{subsection.7.2}{\376\377\000C\000r\000i\000t\000\350\000r\000e\000s\000\040\000d\000e\000\040\000d\000\351\000c\000i\000s\000i\000o\000n\000\040\000p\000o\000u\000r\000\040\000u\000n\000\040\000i\000n\000v\000e\000s\000t\000i\000s\000s\000e\000m\000e\000n\000t\000\040\000s\000i\000g\000n\000i\000f\000i\000c\000a\000t\000i\000f}{section.7}% 31
\BOOKMARK [2][-]{subsection.7.3}{\376\377\000S\000y\000n\000t\000h\000\350\000s\000e\000\040\000d\000e\000s\000\040\000r\000e\000l\000a\000t\000i\000o\000n\000s\000\040\000F\000i\000n\000a\000n\000c\000e\000\040\000/\000\040\000O\000p\000\351\000r\000a\000t\000i\000o\000n\000n\000e\000l}{section.7}% 32
\BOOKMARK [1][-]{section.8}{\376\377\000C\000o\000n\000c\000l\000u\000s\000i\000o\000n}{}% 33
