\BOOKMARK [1][-]{section.1}{\376\377\000I\000n\000t\000r\000o\000d\000u\000c\000t\000i\000o\000n}{}% 1
\BOOKMARK [1][-]{section.2}{\376\377\000T\000h\000\351\000o\000r\000i\000e}{}% 2
\BOOKMARK [2][-]{subsection.2.1}{\376\377\000R\000a\000y\000o\000n\000\040\000d\000e\000\040\000c\000o\000n\000t\000a\000c\000t\000\040\000d\000e\000\040\000H\000e\000r\000t\000z}{section.2}% 3
\BOOKMARK [2][-]{subsection.2.2}{\376\377\000R\000a\000y\000o\000n\000\040\000d\000e\000\040\000c\000o\000n\000t\000a\000c\000t\000\040\000J\000K\000R}{section.2}% 4
\BOOKMARK [2][-]{subsection.2.3}{\376\377\000C\000o\000e\000f\000f\000i\000c\000i\000e\000n\000t\000\040\000d\000e\000\040\000f\000r\000o\000t\000t\000e\000m\000e\000n\000t\000\040\000d\000\373\000\040\000\340\000\040\000l\000a\000\040\000d\000\351\000f\000o\000r\000m\000a\000t\000i\000o\000n}{section.2}% 5
\BOOKMARK [2][-]{subsection.2.4}{\376\377\000D\000\351\000c\000o\000m\000p\000o\000s\000i\000t\000i\000o\000n\000\040\000d\000u\000\040\000c\000o\000e\000f\000f\000i\000c\000i\000e\000n\000t\000\040\000d\000e\000\040\000f\000r\000o\000t\000t\000e\000m\000e\000n\000t}{section.2}% 6
\BOOKMARK [1][-]{section.3}{\376\377\000D\000o\000n\000n\000\351\000e\000s\000\040\000e\000x\000p\000\351\000r\000i\000m\000e\000n\000t\000a\000l\000e\000s}{}% 7
\BOOKMARK [2][-]{subsection.3.1}{\376\377\000P\000a\000r\000a\000m\000\350\000t\000r\000e\000s\000\040\000d\000'\000i\000n\000d\000e\000n\000t\000a\000t\000i\000o\000n}{section.3}% 8
\BOOKMARK [1][-]{section.4}{\376\377\000R\000\351\000s\000u\000l\000t\000a\000t\000s}{}% 9
\BOOKMARK [2][-]{subsection.4.1}{\376\377\000R\000a\000y\000o\000n\000s\000\040\000d\000e\000\040\000c\000o\000n\000t\000a\000c\000t}{section.4}% 10
\BOOKMARK [2][-]{subsection.4.2}{\376\377\000C\000o\000e\000f\000f\000i\000c\000i\000e\000n\000t\000s\000\040\000d\000e\000\040\000f\000r\000o\000t\000t\000e\000m\000e\000n\000t\000\040\000d\000e\000\040\000d\000\351\000f\000o\000r\000m\000a\000t\000i\000o\000n}{section.4}% 11
\BOOKMARK [2][-]{subsection.4.3}{\376\377\000C\000o\000e\000f\000f\000i\000c\000i\000e\000n\000t\000\040\000d\000e\000\040\000f\000r\000o\000t\000t\000e\000m\000e\000n\000t\000\040\000t\000o\000t\000a\000l}{section.4}% 12
\BOOKMARK [2][-]{subsection.4.4}{\376\377\000C\000o\000e\000f\000f\000i\000c\000i\000e\000n\000t\000\040\000d\000'\000a\000d\000h\000\351\000r\000e\000n\000c\000e}{section.4}% 13
\BOOKMARK [2][-]{subsection.4.5}{\376\377\000V\000i\000s\000u\000a\000l\000i\000s\000a\000t\000i\000o\000n}{section.4}% 14
\BOOKMARK [2][-]{subsection.4.6}{\376\377\000\311\000v\000o\000l\000u\000t\000i\000o\000n\000\040\000d\000e\000s\000\040\000e\000f\000f\000o\000r\000t\000s\000\040\000e\000n\000\040\000f\000o\000n\000c\000t\000i\000o\000n\000\040\000d\000u\000\040\000t\000e\000m\000p\000s}{section.4}% 15
\BOOKMARK [1][-]{section.5}{\376\377\000D\000i\000s\000c\000u\000s\000s\000i\000o\000n}{}% 16
\BOOKMARK [2][-]{subsection.5.1}{\376\377\000I\000m\000p\000o\000r\000t\000a\000n\000c\000e\000\040\000d\000e\000\040\000l\000'\000a\000d\000h\000\351\000s\000i\000o\000n}{section.5}% 17
\BOOKMARK [2][-]{subsection.5.2}{\376\377\000I\000n\000f\000l\000u\000e\000n\000c\000e\000\040\000d\000e\000\040\000l\000a\000\040\000r\000i\000g\000i\000d\000i\000t\000\351}{section.5}% 18
\BOOKMARK [2][-]{subsection.5.3}{\376\377\000C\000o\000m\000p\000a\000r\000a\000i\000s\000o\000n\000\040\000H\000e\000r\000t\000z\000\040\000v\000s\000\040\000J\000K\000R}{section.5}% 19
\BOOKMARK [1][-]{section.6}{\376\377\000C\000o\000n\000c\000l\000u\000s\000i\000o\000n}{}% 20
\BOOKMARK [1][-]{section.7}{\376\377\000A\000n\000n\000e\000x\000e\000\040\000:\000\040\000F\000o\000r\000m\000u\000l\000e\000s\000\040\000u\000t\000i\000l\000i\000s\000\351\000e\000s}{}% 21
\BOOKMARK [2][-]{subsection.7.1}{\376\377\000R\000a\000y\000o\000n\000\040\000d\000e\000\040\000c\000o\000n\000t\000a\000c\000t\000\040\000H\000e\000r\000t\000z}{section.7}% 22
\BOOKMARK [2][-]{subsection.7.2}{\376\377\000R\000a\000y\000o\000n\000\040\000d\000e\000\040\000c\000o\000n\000t\000a\000c\000t\000\040\000J\000K\000R}{section.7}% 23
\BOOKMARK [2][-]{subsection.7.3}{\376\377\000C\000o\000e\000f\000f\000i\000c\000i\000e\000n\000t\000\040\000d\000e\000\040\000f\000r\000o\000t\000t\000e\000m\000e\000n\000t\000\040\000d\000e\000\040\000d\000\351\000f\000o\000r\000m\000a\000t\000i\000o\000n}{section.7}% 24
\BOOKMARK [2][-]{subsection.7.4}{\376\377\000C\000o\000e\000f\000f\000i\000c\000i\000e\000n\000t\000\040\000d\000e\000\040\000f\000r\000o\000t\000t\000e\000m\000e\000n\000t\000\040\000t\000o\000t\000a\000l}{section.7}% 25
\BOOKMARK [2][-]{subsection.7.5}{\376\377\000C\000o\000e\000f\000f\000i\000c\000i\000e\000n\000t\000\040\000d\000'\000a\000d\000h\000\351\000r\000e\000n\000c\000e}{section.7}% 26
