This is pdfTeX, Version 3.141592653-2.6-1.40.25 (TeX Live 2023/Debian) (preloaded format=pdflatex 2026.1.1)  23 JAN 2026 09:01
entering extended mode
 restricted \write18 enabled.
 %&-line parsing enabled.
**tribologie3.tex
(./tribologie3.tex
LaTeX2e <2023-11-01> patch level 1
L3 programming layer <2024-01-22>
(./rapportECL.cls (/usr/share/texlive/texmf-dist/tex/latex/base/article.cls
Document Class: article 2023/05/17 v1.4n Standard LaTeX document class
(/usr/share/texlive/texmf-dist/tex/latex/base/size12.clo
File: size12.clo 2023/05/17 v1.4n Standard LaTeX file (size option)
)
\c@part=\count187
\c@section=\count188
\c@subsection=\count189
\c@subsubsection=\count190
\c@paragraph=\count191
\c@subparagraph=\count192
\c@figure=\count193
\c@table=\count194
\abovecaptionskip=\skip48
\belowcaptionskip=\skip49
\bibindent=\dimen140
)
(/usr/share/texlive/texmf-dist/tex/generic/babel/babel.sty
Package: babel 2024/01/07 v24.1 The Babel package
\babel@savecnt=\count195
\U@D=\dimen141
\l@unhyphenated=\language11

(/usr/share/texlive/texmf-dist/tex/generic/babel/txtbabel.def)
\bbl@readstream=\read2
\bbl@dirlevel=\count196

(/usr/share/texlive/texmf-dist/tex/generic/babel-french/french.ldf
Language: french 2023-12-19 v3.5r French support from the babel system
Package babel Info: Hyphen rules for 'acadian' set to \l@french
(babel)             (\language6). Reported on input line 91.
Package babel Info: Hyphen rules for 'canadien' set to \l@french
(babel)             (\language6). Reported on input line 92.
\FB@stdchar=\count197
Package babel Info: Making : an active character on input line 420.
Package babel Info: Making ; an active character on input line 421.
Package babel Info: Making ! an active character on input line 422.
Package babel Info: Making ? an active character on input line 423.
\FBguill@level=\count198
\FBold@everypar=\toks17
\FB@Mht=\dimen142
\mc@charclass=\count199
\mc@charfam=\count266
\mc@charslot=\count267
\std@mcc=\count268
\dec@mcc=\count269
\FB@parskip=\dimen143
\listindentFB=\dimen144
\descindentFB=\dimen145
\labelindentFB=\dimen146
\labelwidthFB=\dimen147
\leftmarginFB=\dimen148
\parindentFFN=\dimen149
\FBfnindent=\dimen150
))
(/usr/share/texlive/texmf-dist/tex/generic/babel/locale/fr/babel-french.tex
Package babel Info: Importing font and identification data for french
(babel)             from babel-fr.ini. Reported on input line 11.
)
(/usr/share/texlive/texmf-dist/tex/latex/carlisle/scalefnt.sty)
(/usr/share/texlive/texmf-dist/tex/latex/graphics/keyval.sty
Package: keyval 2022/05/29 v1.15 key=value parser (DPC)
\KV@toks@=\toks18
)
(/usr/share/texlive/texmf-dist/tex/latex/base/inputenc.sty
Package: inputenc 2021/02/14 v1.3d Input encoding file
\inpenc@prehook=\toks19
\inpenc@posthook=\toks20
)
(/usr/share/texlive/texmf-dist/tex/latex/placeins/placeins.sty
Package: placeins 2005/04/18  v 2.2
)
(/usr/share/texlive/texmf-dist/tex/latex/base/fontenc.sty
Package: fontenc 2021/04/29 v2.0v Standard LaTeX package
)
(/usr/share/texlive/texmf-dist/tex/latex/mathtools/mathtools.sty
Package: mathtools 2022/06/29 v1.29 mathematical typesetting tools

(/usr/share/texlive/texmf-dist/tex/latex/tools/calc.sty
Package: calc 2023/07/08 v4.3 Infix arithmetic (KKT,FJ)
\calc@Acount=\count270
\calc@Bcount=\count271
\calc@Adimen=\dimen151
\calc@Bdimen=\dimen152
\calc@Askip=\skip50
\calc@Bskip=\skip51
LaTeX Info: Redefining \setlength on input line 80.
LaTeX Info: Redefining \addtolength on input line 81.
\calc@Ccount=\count272
\calc@Cskip=\skip52
)
(/usr/share/texlive/texmf-dist/tex/latex/mathtools/mhsetup.sty
Package: mhsetup 2021/03/18 v1.4 programming setup (MH)
)
(/usr/share/texlive/texmf-dist/tex/latex/amsmath/amsmath.sty
Package: amsmath 2023/05/13 v2.17o AMS math features
\@mathmargin=\skip53

For additional information on amsmath, use the `?' option.
(/usr/share/texlive/texmf-dist/tex/latex/amsmath/amstext.sty
Package: amstext 2021/08/26 v2.01 AMS text

(/usr/share/texlive/texmf-dist/tex/latex/amsmath/amsgen.sty
File: amsgen.sty 1999/11/30 v2.0 generic functions
\@emptytoks=\toks21
\ex@=\dimen153
))
(/usr/share/texlive/texmf-dist/tex/latex/amsmath/amsbsy.sty
Package: amsbsy 1999/11/29 v1.2d Bold Symbols
\pmbraise@=\dimen154
)
(/usr/share/texlive/texmf-dist/tex/latex/amsmath/amsopn.sty
Package: amsopn 2022/04/08 v2.04 operator names
)
\inf@bad=\count273
LaTeX Info: Redefining \frac on input line 234.
\uproot@=\count274
\leftroot@=\count275
LaTeX Info: Redefining \overline on input line 399.
LaTeX Info: Redefining \colon on input line 410.
\classnum@=\count276
\DOTSCASE@=\count277
LaTeX Info: Redefining \ldots on input line 496.
LaTeX Info: Redefining \dots on input line 499.
LaTeX Info: Redefining \cdots on input line 620.
\Mathstrutbox@=\box51
\strutbox@=\box52
LaTeX Info: Redefining \big on input line 722.
LaTeX Info: Redefining \Big on input line 723.
LaTeX Info: Redefining \bigg on input line 724.
LaTeX Info: Redefining \Bigg on input line 725.
\big@size=\dimen155
LaTeX Font Info:    Redeclaring font encoding OML on input line 743.
LaTeX Font Info:    Redeclaring font encoding OMS on input line 744.
\macc@depth=\count278
LaTeX Info: Redefining \bmod on input line 905.
LaTeX Info: Redefining \pmod on input line 910.
LaTeX Info: Redefining \smash on input line 940.
LaTeX Info: Redefining \relbar on input line 970.
LaTeX Info: Redefining \Relbar on input line 971.
\c@MaxMatrixCols=\count279
\dotsspace@=\muskip16
\c@parentequation=\count280
\dspbrk@lvl=\count281
\tag@help=\toks22
\row@=\count282
\column@=\count283
\maxfields@=\count284
\andhelp@=\toks23
\eqnshift@=\dimen156
\alignsep@=\dimen157
\tagshift@=\dimen158
\tagwidth@=\dimen159
\totwidth@=\dimen160
\lineht@=\dimen161
\@envbody=\toks24
\multlinegap=\skip54
\multlinetaggap=\skip55
\mathdisplay@stack=\toks25
LaTeX Info: Redefining \[ on input line 2953.
LaTeX Info: Redefining \] on input line 2954.
)
\g_MT_multlinerow_int=\count285
\l_MT_multwidth_dim=\dimen162
\origjot=\skip56
\l_MT_shortvdotswithinadjustabove_dim=\dimen163
\l_MT_shortvdotswithinadjustbelow_dim=\dimen164
\l_MT_above_intertext_sep=\dimen165
\l_MT_below_intertext_sep=\dimen166
\l_MT_above_shortintertext_sep=\dimen167
\l_MT_below_shortintertext_sep=\dimen168
\xmathstrut@box=\box53
\xmathstrut@dim=\dimen169
)
(/usr/share/texlive/texmf-dist/tex/latex/siunitx/siunitx.sty
Package: siunitx 2024-01-25 v3.3.10 A comprehensive (SI) units package
\l__siunitx_number_uncert_offset_int=\count286
\l__siunitx_number_exponent_fixed_int=\count287
\l__siunitx_number_min_decimal_int=\count288
\l__siunitx_number_min_integer_int=\count289
\l__siunitx_number_round_precision_int=\count290
\l__siunitx_number_lower_threshold_int=\count291
\l__siunitx_number_upper_threshold_int=\count292
\l__siunitx_number_group_first_int=\count293
\l__siunitx_number_group_size_int=\count294
\l__siunitx_number_group_minimum_int=\count295
\l__siunitx_angle_tmp_dim=\dimen170
\l__siunitx_angle_marker_box=\box54
\l__siunitx_angle_unit_box=\box55
\l__siunitx_compound_count_int=\count296

(/usr/share/texlive/texmf-dist/tex/latex/translations/translations.sty
Package: translations 2022/02/05 v1.12 internationalization of LaTeX2e packages
 (CN)

(/usr/share/texlive/texmf-dist/tex/latex/etoolbox/etoolbox.sty
Package: etoolbox 2020/10/05 v2.5k e-TeX tools for LaTeX (JAW)
\etb@tempcnta=\count297
)
(/usr/share/texlive/texmf-dist/tex/generic/pdftexcmds/pdftexcmds.sty
Package: pdftexcmds 2020-06-27 v0.33 Utility functions of pdfTeX for LuaTeX (HO
)

(/usr/share/texlive/texmf-dist/tex/generic/infwarerr/infwarerr.sty
Package: infwarerr 2019/12/03 v1.5 Providing info/warning/error messages (HO)
)
(/usr/share/texlive/texmf-dist/tex/generic/iftex/iftex.sty
Package: iftex 2022/02/03 v1.0f TeX engine tests
)
(/usr/share/texlive/texmf-dist/tex/generic/ltxcmds/ltxcmds.sty
Package: ltxcmds 2023-12-04 v1.26 LaTeX kernel commands for general use (HO)
)
Package pdftexcmds Info: \pdf@primitive is available.
Package pdftexcmds Info: \pdf@ifprimitive is available.
Package pdftexcmds Info: \pdfdraftmode found.
))
\l__siunitx_table_tmp_box=\box56
\l__siunitx_table_tmp_dim=\dimen171
\l__siunitx_table_column_width_dim=\dimen172
\l__siunitx_table_integer_box=\box57
\l__siunitx_table_decimal_box=\box58
\l__siunitx_table_uncert_box=\box59
\l__siunitx_table_before_box=\box60
\l__siunitx_table_after_box=\box61
\l__siunitx_table_before_dim=\dimen173
\l__siunitx_table_carry_dim=\dimen174
\l__siunitx_unit_tmp_int=\count298
\l__siunitx_unit_position_int=\count299
\l__siunitx_unit_total_int=\count300

(/usr/share/texlive/texmf-dist/tex/latex/tools/array.sty
Package: array 2023/10/16 v2.5g Tabular extension package (FMi)
\col@sep=\dimen175
\ar@mcellbox=\box62
\extrarowheight=\dimen176
\NC@list=\toks26
\extratabsurround=\skip57
\backup@length=\skip58
\ar@cellbox=\box63
))
(/usr/share/texlive/texmf-dist/tex/latex/float/float.sty
Package: float 2001/11/08 v1.3d Float enhancements (AL)
\c@float@type=\count301
\float@exts=\toks27
\float@box=\box64
\@float@everytoks=\toks28
\@floatcapt=\box65
)
(/usr/share/texlive/texmf-dist/tex/latex/graphics/graphicx.sty
Package: graphicx 2021/09/16 v1.2d Enhanced LaTeX Graphics (DPC,SPQR)

(/usr/share/texlive/texmf-dist/tex/latex/graphics/graphics.sty
Package: graphics 2022/03/10 v1.4e Standard LaTeX Graphics (DPC,SPQR)

(/usr/share/texlive/texmf-dist/tex/latex/graphics/trig.sty
Package: trig 2021/08/11 v1.11 sin cos tan (DPC)
)
(/usr/share/texlive/texmf-dist/tex/latex/graphics-cfg/graphics.cfg
File: graphics.cfg 2016/06/04 v1.11 sample graphics configuration
)
Package graphics Info: Driver file: pdftex.def on input line 107.

(/usr/share/texlive/texmf-dist/tex/latex/graphics-def/pdftex.def
File: pdftex.def 2022/09/22 v1.2b Graphics/color driver for pdftex
))
\Gin@req@height=\dimen177
\Gin@req@width=\dimen178
)
(/usr/share/texlive/texmf-dist/tex/latex/caption/caption.sty
Package: caption 2023/08/05 v3.6o Customizing captions (AR)

(/usr/share/texlive/texmf-dist/tex/latex/caption/caption3.sty
Package: caption3 2023/07/31 v2.4d caption3 kernel (AR)
\caption@tempdima=\dimen179
\captionmargin=\dimen180
\caption@leftmargin=\dimen181
\caption@rightmargin=\dimen182
\caption@width=\dimen183
\caption@indent=\dimen184
\caption@parindent=\dimen185
\caption@hangindent=\dimen186
Package caption Info: Standard document class detected.
Package caption Info: french babel package is loaded.
)
\c@caption@flags=\count302
\c@continuedfloat=\count303
Package caption Info: float package is loaded.
)
(/usr/share/texlive/texmf-dist/tex/latex/caption/subcaption.sty
Package: subcaption 2023/07/28 v1.6b Sub-captions (AR)
Package caption Info: New subtype `subfigure' on input line 238.
\c@subfigure=\count304
Package caption Info: New subtype `subtable' on input line 238.
\c@subtable=\count305
)
(/usr/share/texlive/texmf-dist/tex/latex/wallpaper/wallpaper.sty
Package: wallpaper 2005/01/18, v1.01 easy wallpaper formatting (MHFW)

(/usr/share/texlive/texmf-dist/tex/latex/base/ifthen.sty
Package: ifthen 2022/04/13 v1.1d Standard LaTeX ifthen package (DPC)
)
(/usr/share/texlive/texmf-dist/tex/latex/eso-pic/eso-pic.sty
Package: eso-pic 2023/05/03 v3.0c eso-pic (RN)
\ESO@tempdima=\dimen187
\ESO@tempdimb=\dimen188

(/usr/share/texlive/texmf-dist/tex/latex/xcolor/xcolor.sty
Package: xcolor 2023/11/15 v3.01 LaTeX color extensions (UK)

(/usr/share/texlive/texmf-dist/tex/latex/graphics-cfg/color.cfg
File: color.cfg 2016/01/02 v1.6 sample color configuration
)
Package xcolor Info: Driver file: pdftex.def on input line 274.

(/usr/share/texlive/texmf-dist/tex/latex/graphics/mathcolor.ltx)
Package xcolor Info: Model `cmy' substituted by `cmy0' on input line 1350.
Package xcolor Info: Model `hsb' substituted by `rgb' on input line 1354.
Package xcolor Info: Model `RGB' extended on input line 1366.
Package xcolor Info: Model `HTML' substituted by `rgb' on input line 1368.
Package xcolor Info: Model `Hsb' substituted by `hsb' on input line 1369.
Package xcolor Info: Model `tHsb' substituted by `hsb' on input line 1370.
Package xcolor Info: Model `HSB' substituted by `hsb' on input line 1371.
Package xcolor Info: Model `Gray' substituted by `gray' on input line 1372.
Package xcolor Info: Model `wave' substituted by `hsb' on input line 1373.
))
\wpXoffset=\skip59
\wpYoffset=\skip60
\tileXoffset=\skip61
\tileYoffset=\skip62
\tilewidth=\skip63
\tileheight=\skip64
\tileX=\skip65
\tileY=\skip66
)
(/usr/share/texlive/texmf-dist/tex/latex/nomencl/nomencl.sty
Package: nomencl 2021/11/10 v5.6 Nomenclature package

(/usr/share/texlive/texmf-dist/tex/latex/xkeyval/xkeyval.sty
Package: xkeyval 2022/06/16 v2.9 package option processing (HA)

(/usr/share/texlive/texmf-dist/tex/generic/xkeyval/xkeyval.tex
(/usr/share/texlive/texmf-dist/tex/generic/xkeyval/xkvutils.tex
\XKV@toks=\toks29
\XKV@tempa@toks=\toks30
)
\XKV@depth=\count306
File: xkeyval.tex 2014/12/03 v2.7a key=value parser (HA)
))
(/usr/share/texlive/texmf-dist/tex/latex/koma-script/tocbasic.sty
Package: tocbasic 2023/07/07 v3.41 KOMA-Script package (handling toc-files)

(/usr/share/texlive/texmf-dist/tex/latex/koma-script/scrbase.sty
Package: scrbase 2023/07/07 v3.41 KOMA-Script package (KOMA-Script-independent 
basics and keyval usage)

(/usr/share/texlive/texmf-dist/tex/latex/koma-script/scrlfile.sty
Package: scrlfile 2023/07/07 v3.41 KOMA-Script package (file load hooks)

(/usr/share/texlive/texmf-dist/tex/latex/koma-script/scrlfile-hook.sty
Package: scrlfile-hook 2023/07/07 v3.41 KOMA-Script package (using LaTeX hooks)


(/usr/share/texlive/texmf-dist/tex/latex/koma-script/scrlogo.sty
Package: scrlogo 2023/07/07 v3.41 KOMA-Script package (logo)
)))
Applying: [2021/05/01] Usage of raw or classic option list on input line 252.
Already applied: [0000/00/00] Usage of raw or classic option list on input line
 368.
)
\scr@dte@tocline@numberwidth=\skip67
\scr@dte@tocline@numbox=\box66
)
Package tocbasic Info: setting babel extension for `nlo' on input line 187.
Package tocbasic Info: setting babel extension for `nls' on input line 188.
\nomlabelwidth=\dimen189
\nom@tempdim=\dimen190
\nomitemsep=\skip68
)
(/usr/share/texlive/texmf-dist/tex/latex/fancyhdr/fancyhdr.sty
Package: fancyhdr 2022/11/09 v4.1 Extensive control of page headers and footers

\f@nch@headwidth=\skip69
\f@nch@O@elh=\skip70
\f@nch@O@erh=\skip71
\f@nch@O@olh=\skip72
\f@nch@O@orh=\skip73
\f@nch@O@elf=\skip74
\f@nch@O@erf=\skip75
\f@nch@O@olf=\skip76
\f@nch@O@orf=\skip77
)
(/usr/share/texlive/texmf-dist/tex/latex/url/url.sty
\Urlmuskip=\muskip17
Package: url 2013/09/16  ver 3.4  Verb mode for urls, etc.
)
(/usr/share/texlive/texmf-dist/tex/latex/hyperref/hyperref.sty
Package: hyperref 2024-01-20 v7.01h Hypertext links for LaTeX

(/usr/share/texlive/texmf-dist/tex/latex/kvsetkeys/kvsetkeys.sty
Package: kvsetkeys 2022-10-05 v1.19 Key value parser (HO)
)
(/usr/share/texlive/texmf-dist/tex/generic/kvdefinekeys/kvdefinekeys.sty
Package: kvdefinekeys 2019-12-19 v1.6 Define keys (HO)
)
(/usr/share/texlive/texmf-dist/tex/generic/pdfescape/pdfescape.sty
Package: pdfescape 2019/12/09 v1.15 Implements pdfTeX's escape features (HO)
)
(/usr/share/texlive/texmf-dist/tex/latex/hycolor/hycolor.sty
Package: hycolor 2020-01-27 v1.10 Color options for hyperref/bookmark (HO)
)
(/usr/share/texlive/texmf-dist/tex/latex/auxhook/auxhook.sty
Package: auxhook 2019-12-17 v1.6 Hooks for auxiliary files (HO)
)
(/usr/share/texlive/texmf-dist/tex/latex/hyperref/nameref.sty
Package: nameref 2023-11-26 v2.56 Cross-referencing by name of section

(/usr/share/texlive/texmf-dist/tex/latex/refcount/refcount.sty
Package: refcount 2019/12/15 v3.6 Data extraction from label references (HO)
)
(/usr/share/texlive/texmf-dist/tex/generic/gettitlestring/gettitlestring.sty
Package: gettitlestring 2019/12/15 v1.6 Cleanup title references (HO)

(/usr/share/texlive/texmf-dist/tex/latex/kvoptions/kvoptions.sty
Package: kvoptions 2022-06-15 v3.15 Key value format for package options (HO)
))
\c@section@level=\count307
)
\@linkdim=\dimen191
\Hy@linkcounter=\count308
\Hy@pagecounter=\count309

(/usr/share/texlive/texmf-dist/tex/latex/hyperref/pd1enc.def
File: pd1enc.def 2024-01-20 v7.01h Hyperref: PDFDocEncoding definition (HO)
Now handling font encoding PD1 ...
... no UTF-8 mapping file for font encoding PD1
)
(/usr/share/texlive/texmf-dist/tex/generic/intcalc/intcalc.sty
Package: intcalc 2019/12/15 v1.3 Expandable calculations with integers (HO)
)
\Hy@SavedSpaceFactor=\count310

(/usr/share/texlive/texmf-dist/tex/latex/hyperref/puenc.def
File: puenc.def 2024-01-20 v7.01h Hyperref: PDF Unicode definition (HO)
Now handling font encoding PU ...
... no UTF-8 mapping file for font encoding PU
)
Package hyperref Info: Hyper figures OFF on input line 4179.
Package hyperref Info: Link nesting OFF on input line 4184.
Package hyperref Info: Hyper index ON on input line 4187.
Package hyperref Info: Plain pages OFF on input line 4194.
Package hyperref Info: Backreferencing OFF on input line 4199.
Package hyperref Info: Implicit mode ON; LaTeX internals redefined.
Package hyperref Info: Bookmarks ON on input line 4446.
\c@Hy@tempcnt=\count311
LaTeX Info: Redefining \url on input line 4784.
\XeTeXLinkMargin=\dimen192

(/usr/share/texlive/texmf-dist/tex/generic/bitset/bitset.sty
Package: bitset 2019/12/09 v1.3 Handle bit-vector datatype (HO)

(/usr/share/texlive/texmf-dist/tex/generic/bigintcalc/bigintcalc.sty
Package: bigintcalc 2019/12/15 v1.5 Expandable calculations on big integers (HO
)
))
\Fld@menulength=\count312
\Field@Width=\dimen193
\Fld@charsize=\dimen194
Package hyperref Info: Hyper figures OFF on input line 6063.
Package hyperref Info: Link nesting OFF on input line 6068.
Package hyperref Info: Hyper index ON on input line 6071.
Package hyperref Info: backreferencing OFF on input line 6078.
Package hyperref Info: Link coloring OFF on input line 6083.
Package hyperref Info: Link coloring with OCG OFF on input line 6088.
Package hyperref Info: PDF/A mode OFF on input line 6093.

(/usr/share/texlive/texmf-dist/tex/latex/base/atbegshi-ltx.sty
Package: atbegshi-ltx 2021/01/10 v1.0c Emulation of the original atbegshi
package with kernel methods
)
\Hy@abspage=\count313
\c@Item=\count314
\c@Hfootnote=\count315
)
Package hyperref Info: Driver (autodetected): hpdftex.

(/usr/share/texlive/texmf-dist/tex/latex/hyperref/hpdftex.def
File: hpdftex.def 2024-01-20 v7.01h Hyperref driver for pdfTeX

(/usr/share/texlive/texmf-dist/tex/latex/base/atveryend-ltx.sty
Package: atveryend-ltx 2020/08/19 v1.0a Emulation of the original atveryend pac
kage
with kernel methods
)
\Fld@listcount=\count316
\c@bookmark@seq@number=\count317

(/usr/share/texlive/texmf-dist/tex/latex/rerunfilecheck/rerunfilecheck.sty
Package: rerunfilecheck 2022-07-10 v1.10 Rerun checks for auxiliary files (HO)

(/usr/share/texlive/texmf-dist/tex/generic/uniquecounter/uniquecounter.sty
Package: uniquecounter 2019/12/15 v1.4 Provide unlimited unique counter (HO)
)
Package uniquecounter Info: New unique counter `rerunfilecheck' on input line 2
85.
)
\Hy@SectionHShift=\skip78
)
(/usr/share/texlive/texmf-dist/tex/latex/geometry/geometry.sty
Package: geometry 2020/01/02 v5.9 Page Geometry

(/usr/share/texlive/texmf-dist/tex/generic/iftex/ifvtex.sty
Package: ifvtex 2019/10/25 v1.7 ifvtex legacy package. Use iftex instead.
)
\Gm@cnth=\count318
\Gm@cntv=\count319
\c@Gm@tempcnt=\count320
\Gm@bindingoffset=\dimen195
\Gm@wd@mp=\dimen196
\Gm@odd@mp=\dimen197
\Gm@even@mp=\dimen198
\Gm@layoutwidth=\dimen199
\Gm@layoutheight=\dimen256
\Gm@layouthoffset=\dimen257
\Gm@layoutvoffset=\dimen258
\Gm@dimlist=\toks31
))
(/usr/share/texlive/texmf-dist/tex/latex/listings/listings.sty
\lst@mode=\count321
\lst@gtempboxa=\box67
\lst@token=\toks32
\lst@length=\count322
\lst@currlwidth=\dimen259
\lst@column=\count323
\lst@pos=\count324
\lst@lostspace=\dimen260
\lst@width=\dimen261
\lst@newlines=\count325
\lst@lineno=\count326
\lst@maxwidth=\dimen262

(/usr/share/texlive/texmf-dist/tex/latex/listings/lstmisc.sty
File: lstmisc.sty 2023/02/27 1.9 (Carsten Heinz)
\c@lstnumber=\count327
\lst@skipnumbers=\count328
\lst@framebox=\box68
)
(/usr/share/texlive/texmf-dist/tex/latex/listings/listings.cfg
File: listings.cfg 2023/02/27 1.9 listings configuration
))
Package: listings 2023/02/27 1.9 (Carsten Heinz)

(/usr/share/texlive/texmf-dist/tex/latex/booktabs/booktabs.sty
Package: booktabs 2020/01/12 v1.61803398 Publication quality tables
\heavyrulewidth=\dimen263
\lightrulewidth=\dimen264
\cmidrulewidth=\dimen265
\belowrulesep=\dimen266
\belowbottomsep=\dimen267
\aboverulesep=\dimen268
\abovetopsep=\dimen269
\cmidrulesep=\dimen270
\cmidrulekern=\dimen271
\defaultaddspace=\dimen272
\@cmidla=\count329
\@cmidlb=\count330
\@aboverulesep=\dimen273
\@belowrulesep=\dimen274
\@thisruleclass=\count331
\@lastruleclass=\count332
\@thisrulewidth=\dimen275
)
(/usr/share/texlive/texmf-dist/tex/latex/l3backend/l3backend-pdftex.def
File: l3backend-pdftex.def 2024-01-04 L3 backend support: PDF output (pdfTeX)
\l__color_backend_stack_int=\count333
\l__pdf_internal_box=\box69
)
(./tribologie3.aux)
\openout1 = `tribologie3.aux'.

LaTeX Font Info:    Checking defaults for OML/cmm/m/it on input line 12.
LaTeX Font Info:    ... okay on input line 12.
LaTeX Font Info:    Checking defaults for OMS/cmsy/m/n on input line 12.
LaTeX Font Info:    ... okay on input line 12.
LaTeX Font Info:    Checking defaults for OT1/cmr/m/n on input line 12.
LaTeX Font Info:    ... okay on input line 12.
LaTeX Font Info:    Checking defaults for T1/cmr/m/n on input line 12.
LaTeX Font Info:    ... okay on input line 12.
LaTeX Font Info:    Checking defaults for TS1/cmr/m/n on input line 12.
LaTeX Font Info:    ... okay on input line 12.
LaTeX Font Info:    Checking defaults for OMX/cmex/m/n on input line 12.
LaTeX Font Info:    ... okay on input line 12.
LaTeX Font Info:    Checking defaults for U/cmr/m/n on input line 12.
LaTeX Font Info:    ... okay on input line 12.
LaTeX Font Info:    Checking defaults for PD1/pdf/m/n on input line 12.
LaTeX Font Info:    ... okay on input line 12.
LaTeX Font Info:    Checking defaults for PU/pdf/m/n on input line 12.
LaTeX Font Info:    ... okay on input line 12.
LaTeX Info: Redefining \degres on input line 12.
LaTeX Info: Redefining \up on input line 12.

(/usr/share/texlive/texmf-dist/tex/latex/translations/translations-basic-dictio
nary-french.trsl
File: translations-basic-dictionary-french.trsl (french translation file `trans
lations-basic-dictionary')
)
Package translations Info: loading dictionary `translations-basic-dictionary' f
or `french'. on input line 12.

(/usr/share/texlive/texmf-dist/tex/context/base/mkii/supp-pdf.mkii
[Loading MPS to PDF converter (version 2006.09.02).]
\scratchcounter=\count334
\scratchdimen=\dimen276
\scratchbox=\box70
\nofMPsegments=\count335
\nofMParguments=\count336
\everyMPshowfont=\toks33
\MPscratchCnt=\count337
\MPscratchDim=\dimen277
\MPnumerator=\count338
\makeMPintoPDFobject=\count339
\everyMPtoPDFconversion=\toks34
) (/usr/share/texlive/texmf-dist/tex/latex/epstopdf-pkg/epstopdf-base.sty
Package: epstopdf-base 2020-01-24 v2.11 Base part for package epstopdf
Package epstopdf-base Info: Redefining graphics rule for `.eps' on input line 4
85.

(/usr/share/texlive/texmf-dist/tex/latex/latexconfig/epstopdf-sys.cfg
File: epstopdf-sys.cfg 2010/07/13 v1.3 Configuration of (r)epstopdf for TeX Liv
e
))
Package caption Info: Begin \AtBeginDocument code.
Package caption Info: hyperref package is loaded.
Package caption Info: listings package is loaded.
Package caption Info: End \AtBeginDocument code.
Package hyperref Info: Link coloring OFF on input line 12.

(./tribologie3.out) (./tribologie3.out)
\@outlinefile=\write3
\openout3 = `tribologie3.out'.


*geometry* driver: auto-detecting
*geometry* detected driver: pdftex
*geometry* verbose mode - [ preamble ] result:
* driver: pdftex
* paper: <default>
* layout: <same size as paper>
* layoutoffset:(h,v)=(0.0pt,0.0pt)
* modes: 
* h-part:(L,W,R)=(71.13188pt, 455.24411pt, 71.13188pt)
* v-part:(T,H,B)=(56.9055pt, 688.5567pt, 99.58464pt)
* \paperwidth=597.50787pt
* \paperheight=845.04684pt
* \textwidth=455.24411pt
* \textheight=688.5567pt
* \oddsidemargin=-1.1381pt
* \evensidemargin=-1.1381pt
* \topmargin=-52.36449pt
* \headheight=12.0pt
* \headsep=25.0pt
* \topskip=12.0pt
* \footskip=30.0pt
* \marginparwidth=35.0pt
* \marginparsep=10.0pt
* \columnsep=10.0pt
* \skip\footins=10.8pt plus 4.0pt minus 2.0pt
* \hoffset=0.0pt
* \voffset=0.0pt
* \mag=1000
* \@twocolumnfalse
* \@twosidefalse
* \@mparswitchfalse
* \@reversemarginfalse
* (1in=72.27pt=25.4mm, 1cm=28.453pt)

\c@lstlisting=\count340
\@nomenclaturefile=\write4
\openout4 = `tribologie3.nlo'.

Package nomencl Info: Writing nomenclature file tribologie3.nlo on input line 2
2.
<logos/logo.png, id=184, 346.29375pt x 147.55125pt>
File: logos/logo.png Graphic file (type png)
<use logos/logo.png>
Package pdftex.def Info: logos/logo.png  used on input line 23.
(pdftex.def)             Requested size: 364.19667pt x 155.18327pt.
<logos/SteinECL.jpg, id=186, 376.90813pt x 565.61313pt>
File: logos/SteinECL.jpg Graphic file (type jpg)
<use logos/SteinECL.jpg>
Package pdftex.def Info: logos/SteinECL.jpg  used on input line 23.
(pdftex.def)             Requested size: 337.8799pt x 507.04482pt.
[1

{/var/lib/texmf/fonts/map/pdftex/updmap/pdftex.map} <./logos/SteinECL.jpg> <./l
ogos/logo.png>]
<logos/logo_ECL.jpg, id=198, 346.29375pt x 147.55125pt>
File: logos/logo_ECL.jpg Graphic file (type jpg)
<use logos/logo_ECL.jpg>
Package pdftex.def Info: logos/logo_ECL.jpg  used on input line 23.
(pdftex.def)             Requested size: 103.88892pt x 44.2657pt.
 [2 <./logos/logo_ECL.jpg>] (./tribologie3.toc
File: logos/logo_ECL.jpg Graphic file (type jpg)
<use logos/logo_ECL.jpg>
Package pdftex.def Info: logos/logo_ECL.jpg  used on input line 41.
(pdftex.def)             Requested size: 103.88892pt x 44.2657pt.

pdfTeX warning (ext4): destination with the same identifier (name{page.1}) has 
been already used, duplicate ignored
<to be read again> 
                   \relax 
l.41 ...ormulation théorique}{9}{subsection.11.1}
                                                  % [1])
\tf@toc=\write5
\openout5 = `tribologie3.toc'.

File: logos/logo_ECL.jpg Graphic file (type jpg)
<use logos/logo_ECL.jpg>
Package pdftex.def Info: logos/logo_ECL.jpg  used on input line 24.
(pdftex.def)             Requested size: 103.88892pt x 44.2657pt.

pdfTeX warning (ext4): destination with the same identifier (name{page.2}) has 
been already used, duplicate ignored
<to be read again> 
                   \relax 
l.24 \tabledematieres
                      [2]

Package hyperref Warning: Token not allowed in a PDF string (Unicode):
(hyperref)                removing `math shift' on input line 32.


Package hyperref Warning: Token not allowed in a PDF string (Unicode):
(hyperref)                removing `\delta' on input line 32.


Package hyperref Warning: Token not allowed in a PDF string (Unicode):
(hyperref)                removing `\leq' on input line 32.


Package hyperref Warning: Token not allowed in a PDF string (Unicode):
(hyperref)                removing `\delta' on input line 32.


Package hyperref Warning: Token not allowed in a PDF string (Unicode):
(hyperref)                removing `subscript' on input line 32.


Package hyperref Warning: Token not allowed in a PDF string (Unicode):
(hyperref)                removing `math shift' on input line 41.


Package hyperref Warning: Token not allowed in a PDF string (Unicode):
(hyperref)                removing `\delta' on input line 41.


Package hyperref Warning: Token not allowed in a PDF string (Unicode):
(hyperref)                removing `subscript' on input line 41.


Package hyperref Warning: Token not allowed in a PDF string (Unicode):
(hyperref)                removing `\delta' on input line 41.


Package hyperref Warning: Token not allowed in a PDF string (Unicode):
(hyperref)                removing `\leq' on input line 41.


Package hyperref Warning: Token not allowed in a PDF string (Unicode):
(hyperref)                removing `\delta' on input line 41.


Package hyperref Warning: Token not allowed in a PDF string (Unicode):
(hyperref)                removing `subscript' on input line 41.


Package hyperref Warning: Token not allowed in a PDF string (Unicode):
(hyperref)                removing `math shift' on input line 50.


Package hyperref Warning: Token not allowed in a PDF string (Unicode):
(hyperref)                removing `\delta' on input line 50.


Package hyperref Warning: Token not allowed in a PDF string (Unicode):
(hyperref)                removing `\delta' on input line 50.


Package hyperref Warning: Token not allowed in a PDF string (Unicode):
(hyperref)                removing `subscript' on input line 50.

File: logos/logo_ECL.jpg Graphic file (type jpg)
<use logos/logo_ECL.jpg>
Package pdftex.def Info: logos/logo_ECL.jpg  used on input line 65.
(pdftex.def)             Requested size: 103.88892pt x 44.2657pt.
[3]
<images/comparaison_forces_tous_contacts.png, id=288, 1149.093pt x 858.8085pt>
File: images/comparaison_forces_tous_contacts.png Graphic file (type png)
<use images/comparaison_forces_tous_contacts.png>
Package pdftex.def Info: images/comparaison_forces_tous_contacts.png  used on i
nput line 127.
(pdftex.def)             Requested size: 409.71692pt x 306.20924pt.
File: logos/logo_ECL.jpg Graphic file (type jpg)
<use logos/logo_ECL.jpg>
Package pdftex.def Info: logos/logo_ECL.jpg  used on input line 131.
(pdftex.def)             Requested size: 103.88892pt x 44.2657pt.
 [4]
<images/evolution_forces_rayon.png, id=304, 1292.4285pt x 711.1368pt>
File: images/evolution_forces_rayon.png Graphic file (type png)
<use images/evolution_forces_rayon.png>
Package pdftex.def Info: images/evolution_forces_rayon.png  used on input line 
134.
(pdftex.def)             Requested size: 409.71692pt x 225.4416pt.


LaTeX Warning: File `images/comparaison_pressions_tous_contacts.png' not found 
on input line 145.


! Package pdftex.def Error: File `images/comparaison_pressions_tous_contacts.pn
g' not found: using draft setting.

See the pdftex.def package documentation for explanation.
Type  H <return>  for immediate help.
 ...                                              
                                                  
l.145 .../comparaison_pressions_tous_contacts.png}
                                                  
Try typing  <return>  to proceed.
If that doesn't work, type  X <return>  to quit.

LaTeX Font Info:    Trying to load font information for T1+cmtt on input line 1
45.
(/usr/share/texlive/texmf-dist/tex/latex/base/t1cmtt.fd
File: t1cmtt.fd 2023/04/13 v2.5m Standard LaTeX font definitions
)
File: logos/logo_ECL.jpg Graphic file (type jpg)
<use logos/logo_ECL.jpg>
Package pdftex.def Info: logos/logo_ECL.jpg  used on input line 148.
(pdftex.def)             Requested size: 103.88892pt x 44.2657pt.
 [5 <./images/comparaison_forces_tous_contacts.png> <./images/evolution_forces_
rayon.png>]
File: logos/logo_ECL.jpg Graphic file (type jpg)
<use logos/logo_ECL.jpg>
Package pdftex.def Info: logos/logo_ECL.jpg  used on input line 171.
(pdftex.def)             Requested size: 103.88892pt x 44.2657pt.
 [6]
<images/contact_cuivre ecroui_R5_par_regime.png, id=323, 1293.633pt x 353.1594p
t>
File: images/contact_cuivre ecroui_R5_par_regime.png Graphic file (type png)
<use images/contact_cuivre ecroui_R5_par_regime.png>
Package pdftex.def Info: images/contact_cuivre ecroui_R5_par_regime.png  used o
n input line 186.
(pdftex.def)             Requested size: 364.19667pt x 99.42282pt.
<images/contact_cuivre ecroui_R5_complet.png, id=324, 1293.633pt x 353.1594pt>
File: images/contact_cuivre ecroui_R5_complet.png Graphic file (type png)
<use images/contact_cuivre ecroui_R5_complet.png>
Package pdftex.def Info: images/contact_cuivre ecroui_R5_complet.png  used on i
nput line 193.
(pdftex.def)             Requested size: 364.19667pt x 99.42282pt.
<images/contact_cuivre ecroui_R50_par_regime.png, id=325, 1293.8739pt x 353.159
4pt>
File: images/contact_cuivre ecroui_R50_par_regime.png Graphic file (type png)
<use images/contact_cuivre ecroui_R50_par_regime.png>
Package pdftex.def Info: images/contact_cuivre ecroui_R50_par_regime.png  used 
on input line 202.
(pdftex.def)             Requested size: 364.19667pt x 99.40666pt.
File: logos/logo_ECL.jpg Graphic file (type jpg)
<use logos/logo_ECL.jpg>
Package pdftex.def Info: logos/logo_ECL.jpg  used on input line 206.
(pdftex.def)             Requested size: 103.88892pt x 44.2657pt.

[7 <./images/contact_cuivre ecroui_R5_par_regime.png> <./images/contact_cuivre 
ecroui_R5_complet.png>]
<images/contact_cuivre ecroui_R50_complet.png, id=334, 1293.8739pt x 353.1594pt
>
File: images/contact_cuivre ecroui_R50_complet.png Graphic file (type png)
<use images/contact_cuivre ecroui_R50_complet.png>
Package pdftex.def Info: images/contact_cuivre ecroui_R50_complet.png  used on 
input line 209.
(pdftex.def)             Requested size: 364.19667pt x 99.40666pt.


LaTeX Warning: File `images/contact_acier allié_R5_par_regime.png' not found o
n input line 218.


! Package pdftex.def Error: File `images/contact_acier allié_R5_par_regime.png
' not found: using draft setting.

See the pdftex.def package documentation for explanation.
Type  H <return>  for immediate help.
 ...                                              
                                                  
l.218 ...s/contact_acier allié_R5_par_regime.png}
                                                  
Try typing  <return>  to proceed.
If that doesn't work, type  X <return>  to quit.

File: logos/logo_ECL.jpg Graphic file (type jpg)
<use logos/logo_ECL.jpg>
Package pdftex.def Info: logos/logo_ECL.jpg  used on input line 222.
(pdftex.def)             Requested size: 103.88892pt x 44.2657pt.
[8 <./images/contact_cuivre ecroui_R50_par_regime.png> <./images/contact_cuivre
 ecroui_R50_complet.png>]

LaTeX Warning: File `images/contact_acier allié_R5_complet.png' not found on i
nput line 225.


! Package pdftex.def Error: File `images/contact_acier allié_R5_complet.png' n
ot found: using draft setting.

See the pdftex.def package documentation for explanation.
Type  H <return>  for immediate help.
 ...                                              
                                                  
l.225 ...ages/contact_acier allié_R5_complet.png}
                                                  
Try typing  <return>  to proceed.
If that doesn't work, type  X <return>  to quit.

File: logos/logo_ECL.jpg Graphic file (type jpg)
<use logos/logo_ECL.jpg>
Package pdftex.def Info: logos/logo_ECL.jpg  used on input line 229.
(pdftex.def)             Requested size: 103.88892pt x 44.2657pt.
[9]

LaTeX Warning: File `images/contact_acier allié_R50_par_regime.png' not found 
on input line 234.


! Package pdftex.def Error: File `images/contact_acier allié_R50_par_regime.pn
g' not found: using draft setting.

See the pdftex.def package documentation for explanation.
Type  H <return>  for immediate help.
 ...                                              
                                                  
l.234 .../contact_acier allié_R50_par_regime.png}
                                                  
Try typing  <return>  to proceed.
If that doesn't work, type  X <return>  to quit.

File: logos/logo_ECL.jpg Graphic file (type jpg)
<use logos/logo_ECL.jpg>
Package pdftex.def Info: logos/logo_ECL.jpg  used on input line 238.
(pdftex.def)             Requested size: 103.88892pt x 44.2657pt.
[10]

LaTeX Warning: File `images/contact_acier allié_R50_complet.png' not found on 
input line 241.


! Package pdftex.def Error: File `images/contact_acier allié_R50_complet.png' 
not found: using draft setting.

See the pdftex.def package documentation for explanation.
Type  H <return>  for immediate help.
 ...                                              
                                                  
l.241 ...ges/contact_acier allié_R50_complet.png}
                                                  
Try typing  <return>  to proceed.
If that doesn't work, type  X <return>  to quit.

File: logos/logo_ECL.jpg Graphic file (type jpg)
<use logos/logo_ECL.jpg>
Package pdftex.def Info: logos/logo_ECL.jpg  used on input line 245.
(pdftex.def)             Requested size: 103.88892pt x 44.2657pt.
[11]

LaTeX Warning: File `images/synthese_forces_par_materiau.png' not found on inpu
t line 250.


! Package pdftex.def Error: File `images/synthese_forces_par_materiau.png' not 
found: using draft setting.

See the pdftex.def package documentation for explanation.
Type  H <return>  for immediate help.
 ...                                              
                                                  
l.250 ...{images/synthese_forces_par_materiau.png}
                                                  
Try typing  <return>  to proceed.
If that doesn't work, type  X <return>  to quit.

File: logos/logo_ECL.jpg Graphic file (type jpg)
<use logos/logo_ECL.jpg>
Package pdftex.def Info: logos/logo_ECL.jpg  used on input line 254.
(pdftex.def)             Requested size: 103.88892pt x 44.2657pt.
[12]
File: logos/logo_ECL.jpg Graphic file (type jpg)
<use logos/logo_ECL.jpg>
Package pdftex.def Info: logos/logo_ECL.jpg  used on input line 270.
(pdftex.def)             Requested size: 103.88892pt x 44.2657pt.
 [13]
File: logos/logo_ECL.jpg Graphic file (type jpg)
<use logos/logo_ECL.jpg>
Package pdftex.def Info: logos/logo_ECL.jpg  used on input line 319.
(pdftex.def)             Requested size: 103.88892pt x 44.2657pt.
 [14]

Package hyperref Warning: Token not allowed in a PDF string (Unicode):
(hyperref)                removing `math shift' on input line 339.


Package hyperref Warning: Token not allowed in a PDF string (Unicode):
(hyperref)                removing `\delta' on input line 339.


Package hyperref Warning: Token not allowed in a PDF string (Unicode):
(hyperref)                removing `\leq' on input line 339.


Package hyperref Warning: Token not allowed in a PDF string (Unicode):
(hyperref)                removing `\delta' on input line 339.


Package hyperref Warning: Token not allowed in a PDF string (Unicode):
(hyperref)                removing `subscript' on input line 339.


Package hyperref Warning: Token not allowed in a PDF string (Unicode):
(hyperref)                removing `math shift' on input line 344.


Package hyperref Warning: Token not allowed in a PDF string (Unicode):
(hyperref)                removing `\delta' on input line 344.


Package hyperref Warning: Token not allowed in a PDF string (Unicode):
(hyperref)                removing `subscript' on input line 344.


Package hyperref Warning: Token not allowed in a PDF string (Unicode):
(hyperref)                removing `\delta' on input line 344.


Package hyperref Warning: Token not allowed in a PDF string (Unicode):
(hyperref)                removing `\leq' on input line 344.


Package hyperref Warning: Token not allowed in a PDF string (Unicode):
(hyperref)                removing `\delta' on input line 344.


Package hyperref Warning: Token not allowed in a PDF string (Unicode):
(hyperref)                removing `subscript' on input line 344.


Package hyperref Warning: Token not allowed in a PDF string (Unicode):
(hyperref)                removing `math shift' on input line 350.


Package hyperref Warning: Token not allowed in a PDF string (Unicode):
(hyperref)                removing `\delta' on input line 350.


Package hyperref Warning: Token not allowed in a PDF string (Unicode):
(hyperref)                removing `\delta' on input line 350.


Package hyperref Warning: Token not allowed in a PDF string (Unicode):
(hyperref)                removing `subscript' on input line 350.

File: logos/logo_ECL.jpg Graphic file (type jpg)
<use logos/logo_ECL.jpg>
Package pdftex.def Info: logos/logo_ECL.jpg  used on input line 374.
(pdftex.def)             Requested size: 103.88892pt x 44.2657pt.
[15]
<images/raideur_cuivre ecroui_R5mm.png, id=386, 1292.6694pt x 349.7868pt>
File: images/raideur_cuivre ecroui_R5mm.png Graphic file (type png)
<use images/raideur_cuivre ecroui_R5mm.png>
Package pdftex.def Info: images/raideur_cuivre ecroui_R5mm.png  used on input l
ine 379.
(pdftex.def)             Requested size: 364.19667pt x 98.54808pt.
<images/raideur_cuivre ecroui_R50mm.png, id=387, 1292.1876pt x 349.7868pt>
File: images/raideur_cuivre ecroui_R50mm.png Graphic file (type png)
<use images/raideur_cuivre ecroui_R50mm.png>
Package pdftex.def Info: images/raideur_cuivre ecroui_R50mm.png  used on input 
line 385.
(pdftex.def)             Requested size: 364.19667pt x 98.58545pt.
<images/raideur_acier allié_R5mm.png, id=388, 1293.633pt x 350.0277pt>
File: images/raideur_acier allié_R5mm.png Graphic file (type png)
<use images/raideur_acier allié_R5mm.png>
Package pdftex.def Info: images/raideur_acier allié_R5mm.png  used on input li
ne 391.
(pdftex.def)             Requested size: 364.19667pt x 98.54118pt.
<images/raideur_acier allié_R50mm.png, id=389, 1293.633pt x 350.0277pt>
File: images/raideur_acier allié_R50mm.png Graphic file (type png)
<use images/raideur_acier allié_R50mm.png>
Package pdftex.def Info: images/raideur_acier allié_R50mm.png  used on input l
ine 397.
(pdftex.def)             Requested size: 364.19667pt x 98.54118pt.
File: logos/logo_ECL.jpg Graphic file (type jpg)
<use logos/logo_ECL.jpg>
Package pdftex.def Info: logos/logo_ECL.jpg  used on input line 400.
(pdftex.def)             Requested size: 103.88892pt x 44.2657pt.
 [16 <./images/raideur_cuivre ecroui_R5mm.png> <./images/raideur_cuivre ecroui_
R50mm.png> <./images/raideur_acier allié_R5mm.png>]
<images/comparaison_raideurs_tous_contacts.png, id=401, 1149.093pt x 859.2903pt
>
File: images/comparaison_raideurs_tous_contacts.png Graphic file (type png)
<use images/comparaison_raideurs_tous_contacts.png>
Package pdftex.def Info: images/comparaison_raideurs_tous_contacts.png  used on
 input line 403.
(pdftex.def)             Requested size: 409.71692pt x 306.38103pt.
<images/raideur_3D.png, id=402, 946.4961pt x 367.8543pt>
File: images/raideur_3D.png Graphic file (type png)
<use images/raideur_3D.png>
Package pdftex.def Info: images/raideur_3D.png  used on input line 409.
(pdftex.def)             Requested size: 364.19667pt x 141.54294pt.


Package hyperref Warning: Token not allowed in a PDF string (Unicode):
(hyperref)                removing `math shift' on input line 417.


Package hyperref Warning: Token not allowed in a PDF string (Unicode):
(hyperref)                removing `\delta' on input line 417.


Package hyperref Warning: Token not allowed in a PDF string (Unicode):
(hyperref)                removing `\ll' on input line 417.


Package hyperref Warning: Token not allowed in a PDF string (Unicode):
(hyperref)                removing `\delta' on input line 417.


Package hyperref Warning: Token not allowed in a PDF string (Unicode):
(hyperref)                removing `subscript' on input line 417.

File: logos/logo_ECL.jpg Graphic file (type jpg)
<use logos/logo_ECL.jpg>
Package pdftex.def Info: logos/logo_ECL.jpg  used on input line 420.
(pdftex.def)             Requested size: 103.88892pt x 44.2657pt.
[17 <./images/raideur_acier allié_R50mm.png> <./images/comparaison_raideurs_to
us_contacts.png> <./images/raideur_3D.png>]

Package hyperref Warning: Token not allowed in a PDF string (Unicode):
(hyperref)                removing `math shift' on input line 422.


Package hyperref Warning: Token not allowed in a PDF string (Unicode):
(hyperref)                removing `\delta' on input line 422.


Package hyperref Warning: Token not allowed in a PDF string (Unicode):
(hyperref)                removing `\gg' on input line 422.


Package hyperref Warning: Token not allowed in a PDF string (Unicode):
(hyperref)                removing `\delta' on input line 422.


Package hyperref Warning: Token not allowed in a PDF string (Unicode):
(hyperref)                removing `subscript' on input line 422.


Package hyperref Warning: Token not allowed in a PDF string (Unicode):
(hyperref)                removing `math shift' on input line 429.


Package hyperref Warning: Token not allowed in a PDF string (Unicode):
(hyperref)                removing `math shift' on input line 436.


Package hyperref Warning: Token not allowed in a PDF string (Unicode):
(hyperref)                removing `superscript' on input line 436.

File: logos/logo_ECL.jpg Graphic file (type jpg)
<use logos/logo_ECL.jpg>
Package pdftex.def Info: logos/logo_ECL.jpg  used on input line 462.
(pdftex.def)             Requested size: 103.88892pt x 44.2657pt.
[18] (/usr/share/texlive/texmf-dist/tex/latex/listings/lstlang1.sty
File: lstlang1.sty 2023/02/27 1.9 listings language file
)
Package hyperref Info: bookmark level for unknown lstlisting defaults to 0 on i
nput line 480.

Overfull \hbox (45.18802pt too wide) in paragraph at lines 487--488
[][][][][][][][][][][][][][][][][][][][][][][][] 
 []


Overfull \hbox (136.81644pt too wide) in paragraph at lines 488--489
[][][][][][][][][][][][][][][][][][][][][][][][][][][][][][][][][][][][][][][][
][][][] 
 []

File: logos/logo_ECL.jpg Graphic file (type jpg)
<use logos/logo_ECL.jpg>
Package pdftex.def Info: logos/logo_ECL.jpg  used on input line 519.
(pdftex.def)             Requested size: 103.88892pt x 44.2657pt.
[19]

Package caption Warning: Unused \captionsetup[sub] on input line 8.
See the caption package documentation for explanation.

File: logos/logo_ECL.jpg Graphic file (type jpg)
<use logos/logo_ECL.jpg>
Package pdftex.def Info: logos/logo_ECL.jpg  used on input line 520.
(pdftex.def)             Requested size: 103.88892pt x 44.2657pt.
[20] (./tribologie3.aux)
 ***********
LaTeX2e <2023-11-01> patch level 1
L3 programming layer <2024-01-22>
 ***********


LaTeX Warning: Label(s) may have changed. Rerun to get cross-references right.


Package rerunfilecheck Warning: File `tribologie3.out' has changed.
(rerunfilecheck)                Rerun to get outlines right
(rerunfilecheck)                or use package `bookmark'.

Package rerunfilecheck Info: Checksums for `tribologie3.out':
(rerunfilecheck)             Before: EDC49B00937E9387DAC15254733C6334;8492
(rerunfilecheck)             After:  08F60A9A4C25E696FC90AB0C6B7E6977;9779.
 ) 
Here is how much of TeX's memory you used:
 21789 strings out of 476080
 414274 string characters out of 5792745
 1962975 words of memory out of 5000000
 43404 multiletter control sequences out of 15000+600000
 575288 words of font info for 72 fonts, out of 8000000 for 9000
 59 hyphenation exceptions out of 8191
 125i,17n,121p,579b,1273s stack positions out of 10000i,1000n,20000p,200000b,200000s

pdfTeX warning (dest): name{figure.caption.3} has been referenced but does not 
exist, replaced by a fixed one


pdfTeX warning (dest): name{subsection.11.3} has been referenced but does not e
xist, replaced by a fixed one


pdfTeX warning (dest): name{subsubsection.11.1.3} has been referenced but does 
not exist, replaced by a fixed one


pdfTeX warning (dest): name{subsubsection.11.1.2} has been referenced but does 
not exist, replaced by a fixed one


pdfTeX warning (dest): name{subsubsection.11.1.1} has been referenced but does 
not exist, replaced by a fixed one


pdfTeX warning (dest): name{subsection.6.3} has been referenced but does not ex
ist, replaced by a fixed one


pdfTeX warning (dest): name{subsection.6.2} has been referenced but does not ex
ist, replaced by a fixed one


pdfTeX warning (dest): name{subsection.6.1} has been referenced but does not ex
ist, replaced by a fixed one


pdfTeX warning (dest): name{subsubsection.5.3.2} has been referenced but does n
ot exist, replaced by a fixed one


pdfTeX warning (dest): name{subsubsection.5.3.1} has been referenced but does n
ot exist, replaced by a fixed one

 </root/.texlive2023/texmf-var/fonts/pk/ljfour/jknappen/ec/ectt1200.600pk> </ro
ot/.texlive2023/texmf-var/fonts/pk/ljfour/jknappen/ec/tcrm1200.600pk> </root/.t
exlive2023/texmf-var/fonts/pk/ljfour/jknappen/ec/eccc1200.600pk> </root/.texliv
e2023/texmf-var/fonts/pk/ljfour/jknappen/ec/ecbx1440.600pk> </root/.texlive2023
/texmf-var/fonts/pk/ljfour/jknappen/ec/ecrm0800.600pk> </root/.texlive2023/texm
f-var/fonts/pk/ljfour/jknappen/ec/ecbx1728.600pk> </root/.texlive2023/texmf-var
/fonts/pk/ljfour/jknappen/ec/ecbx1200.600pk> </root/.texlive2023/texmf-var/font
s/pk/ljfour/jknappen/ec/ecrm1200.600pk> </root/.texlive2023/texmf-var/fonts/pk/
ljfour/jknappen/ec/ecrm1440.600pk> </root/.texlive2023/texmf-var/fonts/pk/ljfou
r/jknappen/ec/ecbi1440.600pk> </root/.texlive2023/texmf-var/fonts/pk/ljfour/jkn
appen/ec/ecbx2488.600pk> </root/.texlive2023/texmf-var/fonts/pk/ljfour/jknappen
/ec/eccc1728.600pk> </root/.texlive2023/texmf-var/fonts/pk/ljfour/jknappen/ec/e
ccc2074.600pk></usr/share/texlive/texmf-dist/fonts/type1/public/amsfonts/cm/cme
x10.pfb></usr/share/texlive/texmf-dist/fonts/type1/public/amsfonts/cm/cmmi12.pf
b></usr/share/texlive/texmf-dist/fonts/type1/public/amsfonts/cm/cmmi8.pfb></usr
/share/texlive/texmf-dist/fonts/type1/public/amsfonts/cm/cmr10.pfb></usr/share/
texlive/texmf-dist/fonts/type1/public/amsfonts/cm/cmr12.pfb></usr/share/texlive
/texmf-dist/fonts/type1/public/amsfonts/cm/cmr8.pfb></usr/share/texlive/texmf-d
ist/fonts/type1/public/amsfonts/cm/cmsy10.pfb></usr/share/texlive/texmf-dist/fo
nts/type1/public/amsfonts/cm/cmsy8.pfb>
Output written on tribologie3.pdf (22 pages, 5417126 bytes).
PDF statistics:
 956 PDF objects out of 1000 (max. 8388607)
 495 compressed objects within 5 object streams
 150 named destinations out of 1000 (max. 500000)
 436 words of extra memory for PDF output out of 10000 (max. 10000000)

