\BOOKMARK [1][-]{section.1}{\376\377\000I\000n\000t\000r\000o\000d\000u\000c\000t\000i\000o\000n}{}% 1
\BOOKMARK [1][-]{section.2}{\376\377\000D\000o\000n\000n\000\351\000e\000s\000\040\000d\000u\000\040\000p\000r\000o\000b\000l\000\350\000m\000e}{}% 2
\BOOKMARK [2][-]{subsection.2.1}{\376\377\000S\000p\000h\000\350\000r\000e\000\040\000e\000n\000\040\000a\000c\000i\000e\000r}{section.2}% 3
\BOOKMARK [2][-]{subsection.2.2}{\376\377\000F\000o\000r\000c\000e\000s\000\040\000a\000p\000p\000l\000i\000q\000u\000\351\000e\000s}{section.2}% 4
\BOOKMARK [2][-]{subsection.2.3}{\376\377\000M\000a\000t\000\351\000r\000i\000a\000u\000x\000\040\000d\000e\000s\000\040\000p\000l\000a\000n\000s}{section.2}% 5
\BOOKMARK [1][-]{section.3}{\376\377\000F\000o\000r\000m\000u\000l\000e\000s\000\040\000d\000e\000\040\000H\000e\000r\000t\000z}{}% 6
\BOOKMARK [2][-]{subsection.3.1}{\376\377\000M\000o\000d\000u\000l\000e\000\040\000e\000f\000f\000e\000c\000t\000i\000f}{section.3}% 7
\BOOKMARK [2][-]{subsection.3.2}{\376\377\000P\000a\000r\000a\000m\000\350\000t\000r\000e\000s\000\040\000d\000e\000\040\000c\000o\000n\000t\000a\000c\000t}{section.3}% 8
\BOOKMARK [2][-]{subsection.3.3}{\376\377\000P\000r\000o\000f\000i\000l\000\040\000d\000e\000\040\000p\000r\000e\000s\000s\000i\000o\000n}{section.3}% 9
\BOOKMARK [1][-]{section.4}{\376\377\000R\000\351\000s\000u\000l\000t\000a\000t\000s\000\040\000d\000e\000s\000\040\000c\000a\000l\000c\000u\000l\000s}{}% 10
\BOOKMARK [2][-]{subsection.4.1}{\376\377\000T\000a\000b\000l\000e\000a\000u\000\040\000r\000\351\000c\000a\000p\000i\000t\000u\000l\000a\000t\000i\000f\000\040\000d\000e\000s\000\040\0001\0002\000\040\000c\000a\000s}{section.4}% 11
\BOOKMARK [2][-]{subsection.4.2}{\376\377\000H\000a\000u\000t\000e\000u\000r\000s\000\040\000d\000e\000\040\000b\000o\000u\000r\000l\000e\000t}{section.4}% 12
\BOOKMARK [1][-]{section.5}{\376\377\000V\000i\000s\000u\000a\000l\000i\000s\000a\000t\000i\000o\000n\000s}{}% 13
\BOOKMARK [2][-]{subsection.5.1}{\376\377\000P\000r\000o\000f\000i\000l\000s\000\040\000d\000e\000\040\000p\000r\000e\000s\000s\000i\000o\000n\000\040\000h\000e\000r\000t\000z\000i\000e\000n\000s}{section.5}% 14
\BOOKMARK [2][-]{subsection.5.2}{\376\377\000R\000a\000i\000d\000e\000u\000r\000s\000\040\000d\000e\000\040\000c\000o\000n\000t\000a\000c\000t}{section.5}% 15
\BOOKMARK [2][-]{subsection.5.3}{\376\377\000H\000a\000u\000t\000e\000u\000r\000s\000\040\000d\000e\000s\000\040\000b\000o\000u\000r\000l\000e\000t\000s}{section.5}% 16
\BOOKMARK [2][-]{subsection.5.4}{\376\377\000S\000y\000n\000t\000h\000\350\000s\000e\000\040\000c\000o\000m\000p\000a\000r\000a\000t\000i\000v\000e}{section.5}% 17
\BOOKMARK [1][-]{section.6}{\376\377\000A\000n\000a\000l\000y\000s\000e\000\040\000d\000e\000s\000\040\000r\000\351\000s\000u\000l\000t\000a\000t\000s}{}% 18
\BOOKMARK [2][-]{subsection.6.1}{\376\377\000I\000n\000f\000l\000u\000e\000n\000c\000e\000\040\000d\000u\000\040\000r\000a\000y\000o\000n\000\040\000d\000e\000\040\000l\000a\000\040\000s\000p\000h\000\350\000r\000e}{section.6}% 19
\BOOKMARK [2][-]{subsection.6.2}{\376\377\000I\000n\000f\000l\000u\000e\000n\000c\000e\000\040\000d\000e\000\040\000l\000a\000\040\000f\000o\000r\000c\000e\000\040\000a\000p\000p\000l\000i\000q\000u\000\351\000e}{section.6}% 20
\BOOKMARK [2][-]{subsection.6.3}{\376\377\000I\000n\000f\000l\000u\000e\000n\000c\000e\000\040\000d\000u\000\040\000m\000a\000t\000\351\000r\000i\000a\000u\000\040\000d\000u\000\040\000p\000l\000a\000n}{section.6}% 21
\BOOKMARK [2][-]{subsection.6.4}{\376\377\000M\000a\000t\000r\000i\000c\000e\000\040\000d\000e\000\040\000c\000o\000r\000r\000\351\000l\000a\000t\000i\000o\000n}{section.6}% 22
\BOOKMARK [1][-]{section.7}{\376\377\000C\000o\000n\000c\000l\000u\000s\000i\000o\000n}{}% 23
